-------------------------------------------------------------------------------
Test set: io.hetu.core.plugin.cloudface.TestFinal
-------------------------------------------------------------------------------
Tests run: 1, Failures: 1, Errors: 0, Skipped: 0, Time elapsed: 11.335 s <<< FAILURE! - in io.hetu.core.plugin.cloudface.TestFinal
TestSystem(io.hetu.core.plugin.cloudface.TestFinal)  Time elapsed: 6.933 s  <<< FAILURE!
java.lang.AssertionError: Expected only one result unique result, but got [0, -1] expected [1] but found [2]
	at org.testng.Assert.fail(Assert.java:94)
	at org.testng.Assert.failNotEquals(Assert.java:513)
	at org.testng.Assert.assertEqualsImpl(Assert.java:135)
	at org.testng.Assert.assertEquals(Assert.java:116)
	at org.testng.Assert.assertEquals(Assert.java:389)
	at io.prestosql.operator.scalar.FunctionAssertions.selectUniqueValue(FunctionAssertions.java:308)
	at io.prestosql.operator.scalar.FunctionAssertions.selectSingleValue(FunctionAssertions.java:299)
	at io.prestosql.operator.scalar.FunctionAssertions.assertFunction(FunctionAssertions.java:262)
	at io.prestosql.operator.scalar.AbstractTestFunctions.assertFunction(AbstractTestFunctions.java:92)
	at io.hetu.core.plugin.cloudface.TestFinal.TestSystem(TestFinal.java:47)
	at sun.reflect.NativeMethodAccessorImpl.invoke0(Native Method)
	at sun.reflect.NativeMethodAccessorImpl.invoke(NativeMethodAccessorImpl.java:62)
	at sun.reflect.DelegatingMethodAccessorImpl.invoke(DelegatingMethodAccessorImpl.java:43)
	at java.lang.reflect.Method.invoke(Method.java:498)
	at org.testng.internal.MethodInvocationHelper.invokeMethod(MethodInvocationHelper.java:104)
	at org.testng.internal.Invoker.invokeMethod(Invoker.java:645)
	at org.testng.internal.Invoker.invokeTestMethod(Invoker.java:851)
	at org.testng.internal.Invoker.invokeTestMethods(Invoker.java:1177)
	at org.testng.internal.TestMethodWorker.invokeTestMethods(TestMethodWorker.java:129)
	at org.testng.internal.TestMethodWorker.run(TestMethodWorker.java:112)
	at java.util.concurrent.ThreadPoolExecutor.runWorker(ThreadPoolExecutor.java:1149)
	at java.util.concurrent.ThreadPoolExecutor$Worker.run(ThreadPoolExecutor.java:624)
	at java.lang.Thread.run(Thread.java:748)

